# 2.5D : TIM 1 W / mK : 1GPU + 6HBM : single GPU : HTC 10 kW / (m^2 * K) : single HTC
temperature_dict: {270.0: {5.0: (66.44800000000004, 66.1061666666667, 66.44800000000004, 66.06680000000003), 5.6: (66.69599999999997, 66.36416666666669, 66.69599999999997, 66.32511481481485), 6.8024: (67.193, 66.88183333333338, 67.193, 66.84209012345676)}, 370.0: {5.0: (73.61899999999997, 73.15675555555555, 73.61899999999997, 73.06900000000005), 5.6: (73.866, 73.4112709876543, 73.866, 73.32699999999996), 6.8024: (74.36200000000002, 73.92194012345679, 74.36200000000002, 73.84466666666663)}, 360.0: {5.0: (72.913, 72.44588703703702, 72.913, 72.36900000000001), 5.6: (73.144, 72.70404074074074, 73.144, 72.62683333333338), 6.8024: (73.644, 73.2179086419753, 73.644, 73.14449999999994)}, 350.0: {5.0: (72.19499999999995, 71.74253024691359, 72.19499999999995, 71.66866666666668), 5.6: (72.443, 71.9970351851852, 72.443, 71.9270277777778), 6.8024: (72.94100000000002, 72.51000802469136, 72.94100000000002, 72.44450000000003)}, 340.0: {5.0: (71.47700000000003, 71.04223024691358, 71.47700000000003, 70.96830555555556), 5.6: (71.72499999999997, 71.29666049382716, 71.72499999999997, 71.22666666666667), 6.8024: (72.22299999999997, 71.80654197530865, 72.22299999999997, 71.74416666666669)}, 330.0: {5.0: (70.759, 70.33865061728395, 70.759, 70.2678333333333), 5.6: (71.00800000000002, 70.59272530864197, 71.00800000000002, 70.5255), 6.8024: (71.50600000000003, 71.10283024691356, 71.50600000000003, 71.04316666666666)}, 320.0: {5.0: (70.04099999999995, 69.63487098765431, 70.04099999999995, 69.56749999999997), 5.6: (70.28999999999998, 69.88938703703705, 70.28999999999998, 69.82516666666665), 6.8024: (70.788, 70.40071234567903, 70.788, 70.3428333333333)}, 310.0: {5.0: (69.32300000000004, 68.93279938271606, 69.32300000000004, 68.86644444444447), 5.6: (69.57200000000005, 69.18729320987656, 69.57200000000005, 69.12483333333329), 6.8024: (70.06999999999995, 69.69727037037036, 70.06999999999995, 69.64266666666664)}, 300.0: {5.0: (68.605, 68.2204913580247, 68.605, 68.1674234567901), 5.6: (68.85300000000001, 68.47504938271604, 68.85300000000001, 68.42505802469132), 6.8024: (69.35100000000004, 68.98833333333337, 69.35100000000004, 68.94268765432096)}, 290.0: {5.0: (67.884, 67.51195679012346, 67.884, 67.46817037037034), 5.6: (68.13200000000005, 67.76833333333336, 68.13200000000005, 67.72564814814814), 6.8024: (68.62899999999996, 68.28600000000004, 68.62899999999996, 68.2433037037037)}, 280.0: {5.0: (67.16599999999995, 66.80887654320989, 67.16599999999995, 66.76748518518518), 5.6: (67.414, 67.06616666666669, 67.414, 67.02511975308639), 6.8024: (67.91100000000004, 67.58383333333329, 67.91100000000004, 67.54274320987653)}, 260.0: {5.0: (65.731, 65.40400000000002, 65.731, 65.36627160493828), 5.6: (65.97800000000001, 65.66200000000002, 65.97800000000001, 65.62455432098768), 6.8024: (66.47499999999997, 66.17966666666662, 66.47499999999997, 66.14137901234571)}, 250.0: {5.0: (65.20499999999998, 64.89829629629628, 65.20499999999998, 64.36711217732885), 5.6: (65.45299999999999, 65.15811111111108, 65.45299999999999, 64.6244372053872), 6.8024: (65.95000000000003, 65.6787407407407, 65.95000000000003, 65.14211111111108)}, 240.0: {5.0: (64.47900000000003, 64.19029629629632, 64.47900000000003, 63.671778451178454), 5.6: (64.74900000000001, 64.46092592592595, 64.74900000000001, 63.92943759820426), 6.8024: (65.24600000000004, 64.98174074074073, 65.24600000000004, 64.44592592592595)}, 230.0: {5.0: (63.683999999999976, 63.481, 63.683999999999976, 63.00155819304154), 5.6: (63.933999999999976, 63.74299999999999, 63.933999999999976, 63.258153759820416), 6.8024: (64.432, 64.26800000000001, 64.432, 63.773)}, 220.0: {5.0: (62.94900000000002, 62.77600000000002, 62.94900000000002, 62.31920875420875), 5.6: (63.19599999999998, 63.038999999999994, 63.19599999999998, 62.57697890011224), 6.8024: (63.692, 63.56400000000002, 63.692, 63.09306762065094)}, 210.0: {5.0: (62.22499999999997, 62.06799999999999, 62.22499999999997, 61.6307571268238), 5.6: (62.47199999999999, 62.32999999999998, 62.47199999999999, 61.888349102132445), 6.8024: (62.968000000000025, 62.856, 62.968000000000025, 62.40446509539843)}, 200.0: {5.0: (61.443999999999974, 61.369999999999955, 61.443999999999974, 60.95739668911337), 5.6: (61.69599999999998, 61.63200000000001, 61.69599999999998, 61.214986419753096), 6.8024: (62.20599999999997, 62.156999999999975, 62.20599999999997, 61.72983333333336)}, 190.0: {5.0: (60.72600000000005, 60.661000000000044, 60.72600000000005, 60.267034287317614), 5.6: (60.971, 60.923999999999985, 60.971, 60.52861604938273), 6.8024: (61.481, 61.44900000000002, 61.481, 61.04244074074075)}, 180.0: {5.0: (59.93900000000002, 59.963666666666676, 59.93900000000002, 59.584666666666635), 5.6: (60.19299999999999, 60.22666666666665, 60.19299999999999, 59.844666666666626), 6.8024: (60.70000000000003, 60.75199999999997, 60.70000000000003, 60.36141666666667)}, 170.0: {5.0: (59.227000000000025, 59.25383333333335, 59.227000000000025, 58.894500000000015), 5.6: (59.48000000000001, 59.516666666666666, 59.48000000000001, 59.15391666666668), 6.8024: (59.98700000000002, 60.042666666666676, 59.98700000000002, 59.67099999999997)}, 160.0: {5.0: (58.51399999999996, 58.544666666666636, 58.51399999999996, 58.204999999999984), 5.6: (58.76700000000004, 58.80666666666665, 58.76700000000004, 58.463083333333316), 6.8024: (59.27500000000003, 59.33266666666665, 59.27500000000003, 58.98083333333335)}, 150.0: {5.0: (57.81099999999998, 57.83483333333332, 57.81099999999998, 57.51699999999997), 5.6: (58.06099999999998, 58.09766666666668, 58.06099999999998, 57.77683333333331), 6.8024: (58.56799999999999, 58.62300000000003, 58.56799999999999, 58.29416666666663)}, 140.0: {5.0: (57.11400000000002, 57.118666666666655, 57.11400000000002, 56.806166666666684), 5.6: (57.36599999999999, 57.38150000000002, 57.36599999999999, 57.06466666666665), 6.8024: (57.872000000000014, 57.907499999999985, 57.872000000000014, 57.58533333333336)}, 130.0: {5.0: (56.39899999999997, 56.40950000000002, 56.39899999999997, 56.116833333333346), 5.6: (56.65100000000001, 56.671833333333325, 56.65100000000001, 56.37633333333334), 6.8024: (57.157999999999966, 57.19750000000003, 57.157999999999966, 56.89616666666666)}, 120.0: {5.0: (55.64200000000004, 55.70283333333335, 55.64200000000004, 55.43291666666666), 5.6: (55.89599999999997, 55.965833333333336, 55.89599999999997, 55.6916666666667), 6.8024: (56.40599999999996, 56.490666666666634, 56.40599999999996, 56.210166666666694)}, 110.0: {5.0: (54.926999999999985, 54.99066666666666, 54.926999999999985, 54.739801851851844), 5.6: (55.181000000000026, 55.25366666666665, 55.181000000000026, 54.99745246913581), 6.8024: (55.69499999999999, 55.77983333333335, 55.69499999999999, 55.517666666666635)}, 100.0: {5.0: (54.23116666666667, 54.28199999999998, 54.23116666666667, 54.05295370370372), 5.6: (54.48350000000001, 54.544833333333315, 54.48350000000001, 54.310588888888894), 6.8024: (54.991999999999976, 55.070833333333354, 54.991999999999976, 54.82733333333334)}, 90.0: {5.0: (53.537499999999994, 53.564000000000014, 53.537499999999994, 53.34866666666667), 5.6: (53.788166666666655, 53.827, 53.788166666666655, 53.60705555555556), 6.8024: (54.257000000000005, 54.35200000000001, 54.257000000000005, 54.125837654320996)}, 80.0: {5.0: (52.8205, 52.856, 52.8205, 52.66058333333332), 5.6: (53.071166666666656, 53.11899999999999, 53.071166666666656, 52.91900000000001), 6.8024: (53.576000000000015, 53.64499999999999, 53.576000000000015, 53.436166666666665)}, 70.0: {5.0: (45.0, 45.0, 45.0, 45.0), 5.6: (45.0, 45.0, 45.0, 45.0), 6.8024: (45.0, 45.0, 45.0, 45.0)}, 60.0: {5.0: (45.0, 45.0, 45.0, 45.0), 5.6: (45.0, 45.0, 45.0, 45.0), 6.8024: (45.0, 45.0, 45.0, 45.0)}, 50.0: {5.0: (45.0, 45.0, 45.0, 45.0), 5.6: (45.0, 45.0, 45.0, 45.0), 6.8024: (45.0, 45.0, 45.0, 45.0)}, 40.0: {5.0: (45.0, 45.0, 45.0, 45.0), 5.6: (45.0, 45.0, 45.0, 45.0), 6.8024: (45.0, 45.0, 45.0, 45.0)}, 30.0: {5.0: (45.0, 45.0, 45.0, 45.0), 5.6: (45.0, 45.0, 45.0, 45.0), 6.8024: (45.0, 45.0, 45.0, 45.0)}, 20.0: {5.0: (45.0, 45.0, 45.0, 45.0), 5.6: (45.0, 45.0, 45.0, 45.0), 6.8024: (45.0, 45.0, 45.0, 45.0)}}

# 3D : TIM 1 W / mK : 1GPU + 6HBM : single GPU : HTC 10 kW / (m^2 * K) : single HTC
temperature_dict: {270.0: {5.0: (77.03199999999997, 76.77666666666667, 77.03199999999997, 76.57133333333333), 5.6: (77.41100000000004, 77.15966666666662, 77.41100000000004, 76.95150000000002), 6.8024: (78.17300000000002, 77.92583333333336, 78.17300000000002, 77.71466666666667)}, 370.0: {5.0: (87.71700000000004, 87.35933333333332, 87.71700000000004, 87.10733333333329), 5.6: (88.09499999999998, 87.74249999999999, 88.09499999999998, 87.48750000000003), 6.8024: (88.855, 88.50966666666665, 88.855, 88.25049999999997)}, 360.0: {5.0: (86.64799999999998, 86.30066666666669, 86.64799999999998, 86.05466666666672), 5.6: (87.02700000000003, 86.68283333333332, 87.02700000000003, 86.43566666666665), 6.8024: (87.78600000000004, 87.45066666666669, 87.78600000000004, 87.19783333333332)}, 350.0: {5.0: (85.579, 85.24183333333333, 85.579, 85.00283333333336), 5.6: (85.95800000000003, 85.62400000000001, 85.95800000000003, 85.383), 6.8024: (86.71700000000004, 86.39099999999998, 86.71700000000004, 86.14516666666668)}, 340.0: {5.0: (84.509, 84.18300000000002, 84.509, 83.95016666666665), 5.6: (84.88899999999997, 84.5651666666667, 84.88899999999997, 84.33033333333333), 6.8024: (85.64799999999998, 85.33216666666665, 85.64799999999998, 85.0925)}, 330.0: {5.0: (83.44000000000004, 83.12333333333335, 83.44000000000004, 82.89749999999998), 5.6: (83.81899999999997, 83.50633333333332, 83.81899999999997, 83.27766666666668), 6.8024: (84.579, 84.2735, 84.579, 84.04083333333334)}, 320.0: {5.0: (82.36799999999995, 82.0655, 82.36799999999995, 81.84566666666669), 5.6: (82.75, 82.44749999999998, 82.75, 82.22583333333331), 6.8024: (83.51000000000002, 83.21566666666666, 83.51000000000002, 82.98816666666664)}, 310.0: {5.0: (81.29899999999999, 81.00683333333333, 81.29899999999999, 80.79316666666665), 5.6: (81.67799999999994, 81.389, 81.67799999999994, 81.17316666666667), 6.8024: (82.441, 82.15500000000003, 82.441, 81.93549999999996)}, 300.0: {5.0: (80.23199999999999, 79.95016666666665, 80.23199999999999, 79.73633333333333), 5.6: (80.61400000000002, 80.33199999999998, 80.61400000000002, 80.11666666666663), 6.8024: (81.374, 81.09833333333334, 81.374, 80.8788333333333)}, 290.0: {5.0: (79.17300000000002, 78.89416666666666, 79.17300000000002, 78.67583333333332), 5.6: (79.55199999999996, 79.27716666666664, 79.55199999999996, 79.05583333333335), 6.8024: (80.31099999999998, 80.04349999999998, 80.31099999999998, 79.818)}, 280.0: {5.0: (78.10100000000004, 77.83633333333336, 78.10100000000004, 77.62316666666669), 5.6: (78.48, 78.2185, 78.48, 78.00416666666662), 6.8024: (79.24199999999999, 78.98466666666666, 79.24199999999999, 78.76633333333331)}, 260.0: {5.0: (75.962, 75.71800000000002, 75.962, 75.51966666666671), 5.6: (76.34099999999995, 76.10099999999996, 76.34099999999995, 75.89983333333336), 6.8024: (77.10100000000004, 76.86716666666669, 77.10100000000004, 76.66199999999999)}, 250.0: {5.0: (74.89300000000001, 74.65916666666666, 74.89300000000001, 74.46716666666669), 5.6: (75.27199999999998, 75.04133333333333, 75.27199999999998, 74.84800000000003), 6.8024: (76.03199999999997, 75.80833333333334, 76.03199999999997, 75.6101666666667)}, 240.0: {5.0: (73.82400000000003, 73.60033333333331, 73.82400000000003, 73.41533333333335), 5.6: (74.20299999999999, 73.98250000000002, 74.20299999999999, 73.7955), 6.8024: (74.962, 74.74949999999995, 74.962, 74.5585)}, 230.0: {5.0: (72.74800000000003, 72.54166666666664, 72.74800000000003, 72.36250000000001), 5.6: (73.12699999999997, 72.92366666666665, 73.12699999999997, 72.74266666666668), 6.8024: (73.89300000000001, 73.6898333333333, 73.89300000000001, 73.50599999999996)}, 220.0: {5.0: (71.67900000000003, 71.48299999999996, 71.67900000000003, 71.31083333333329), 5.6: (72.058, 71.865, 72.058, 71.69100000000005), 6.8024: (72.82400000000001, 72.63100000000001, 72.82400000000001, 72.45416666666671)}, 210.0: {5.0: (70.60999999999996, 70.42416666666666, 70.60999999999996, 70.25916666666666), 5.6: (70.98900000000002, 70.80633333333331, 70.98900000000002, 70.63933333333331), 6.8024: (71.74800000000003, 71.5715, 71.74800000000003, 71.40133333333337)}, 200.0: {5.0: (69.538, 69.36016666666667, 69.538, 69.20350000000006), 5.6: (69.92000000000002, 69.74749999999996, 69.92000000000002, 69.58750000000003), 6.8024: (70.67900000000003, 70.51366666666671, 70.67900000000003, 70.34966666666665)}, 190.0: {5.0: (68.47399999999999, 68.30766666666665, 68.47399999999999, 68.14666666666666), 5.6: (68.85300000000001, 68.68983333333337, 68.85300000000001, 68.52683333333331), 6.8024: (69.61100000000005, 69.45483333333333, 69.61100000000005, 69.29400000000003)}, 180.0: {5.0: (67.40100000000001, 67.24583333333331, 67.40100000000001, 67.09216666666666), 5.6: (67.78400000000005, 67.631, 67.78400000000005, 67.47516666666668), 6.8024: (68.54700000000001, 68.39800000000001, 68.54700000000001, 68.23833333333333)}, 170.0: {5.0: (66.32799999999999, 66.18716666666666, 66.32799999999999, 66.0411666666667), 5.6: (66.711, 66.56916666666667, 66.711, 66.42149999999998), 6.8024: (67.47399999999999, 67.33833333333335, 67.47399999999999, 67.18666666666665)}, 160.0: {5.0: (65.259, 65.12833333333334, 65.259, 64.98966666666666), 5.6: (65.63799999999998, 65.5105, 65.63799999999998, 65.36983333333333), 6.8024: (66.404, 66.2785, 66.404, 66.134)}, 150.0: {5.0: (64.19700000000005, 64.07049999999998, 64.19700000000005, 63.92700000000004), 5.6: (64.57899999999997, 64.45549999999997, 64.57899999999997, 64.30999999999996), 6.8024: (65.34316666666662, 65.22249999999998, 65.34316666666662, 65.07333333333334)}, 140.0: {5.0: (63.12599999999998, 63.011666666666684, 63.12599999999998, 62.87333333333331), 5.6: (63.50399999999997, 63.39483333333333, 63.50399999999997, 63.25533333333335), 6.8024: (64.27, 64.16283333333332, 64.27, 64.01750000000003)}, 130.0: {5.0: (62.05700000000001, 61.95200000000001, 62.05700000000001, 61.82066666666669), 5.6: (62.43850000000003, 62.33499999999997, 62.43850000000003, 62.20183333333335), 6.8024: (63.20000000000003, 63.10316666666668, 63.20000000000003, 62.96683333333331)}, 120.0: {5.0: (60.98700000000002, 60.89433333333335, 60.98700000000002, 60.77200000000002), 5.6: (61.36700000000001, 61.27533333333332, 61.36700000000001, 61.151), 6.8024: (62.12799999999998, 62.04450000000003, 62.12799999999998, 61.917166666666645)}, 110.0: {5.0: (59.91799999999996, 59.83649999999998, 59.91799999999996, 59.72316666666666), 5.6: (60.29700000000002, 60.21866666666664, 60.29700000000002, 60.103333333333325), 6.8024: (61.056000000000026, 60.985666666666646, 61.056000000000026, 60.86550000000001)}, 100.0: {5.0: (58.84500000000002, 58.776833333333336, 58.84500000000002, 58.669666666666664), 5.6: (59.22399999999999, 59.159666666666666, 59.22399999999999, 59.05066666666668), 6.8024: (59.98416666666664, 59.92500000000001, 59.98416666666664, 59.812666666666686)}, 90.0: {5.0: (57.77099999999997, 57.714000000000006, 57.77099999999997, 57.60983333333329), 5.6: (58.15583333333337, 58.09999999999999, 58.15583333333337, 58.000000000000014), 6.8024: (58.91533333333332, 58.86616666666663, 58.91533333333332, 58.76216666666664)}, 80.0: {5.0: (56.70299999999998, 56.65516666666662, 56.70299999999998, 56.56116666666663), 5.6: (57.082166666666645, 57.03816666666665, 57.082166666666645, 56.94133333333337), 6.8024: (57.841833333333305, 57.80433333333329, 57.841833333333305, 57.704333333333345)}, 70.0: {5.0: (55.635000000000005, 55.597333333333324, 55.635000000000005, 55.51250000000004), 5.6: (56.01416666666665, 55.979499999999994, 56.01416666666665, 55.89349999999999), 6.8024: (56.77366666666668, 56.74566666666663, 56.77366666666668, 56.655833333333305)}, 60.0: {5.0: (54.557166666666674, 54.53366666666664, 54.557166666666674, 54.456500000000005), 5.6: (54.936333333333316, 54.915500000000016, 54.936333333333316, 54.83566666666669), 6.8024: (55.69700000000001, 55.68200000000001, 55.69700000000001, 55.59983333333336)}, 50.0: {5.0: (53.4901666666667, 53.47483333333335, 53.4901666666667, 53.40783333333335), 5.6: (53.86849999999999, 53.85683333333335, 53.86849999999999, 53.78700000000003), 6.8024: (54.62683333333337, 54.621000000000016, 54.62683333333337, 54.54816666666664)}, 40.0: {5.0: (52.423166666666695, 52.40599999999996, 52.423166666666695, 52.33833333333332), 5.6: (52.80350000000002, 52.79099999999997, 52.80350000000002, 52.72133333333333), 6.8024: (53.56333333333332, 53.560999999999986, 53.56333333333332, 53.48466666666665)}, 30.0: {5.0: (51.35499999999999, 51.35500000000001, 51.35499999999999, 51.28505555555557), 5.6: (51.73299999999998, 51.74099999999999, 51.73299999999998, 51.666500000000035), 6.8024: (52.49800000000001, 52.51199999999997, 52.49800000000001, 52.434666666666644)}, 20.0: {5.0: (50.28249999999999, 50.29500000000001, 50.28249999999999, 50.24272222222222), 5.6: (50.66116666666664, 50.68100000000001, 50.66116666666664, 50.620472222222226), 6.8024: (51.4296666666667, 51.45299999999998, 51.4296666666667, 51.37803703703704)}}

# 2.5D waferscale : TIM 1 W / mK : 1GPU + 6HBM : 5x5 GPU : HTC 10 kW / (m^2 * K) : single HTC
temperature_dict: {270.0: {5.0: (66.587, 66.20179629629631, 66.46599999999995, 65.95950000000002)}, 370.0: {5.0: (73.88100000000003, 73.23364814814815, 73.711, 72.94522222222226)}, 360.0: {5.0: (73.15599999999996, 72.52798148148149, 72.991, 72.24774999999998)}, 350.0: {5.0: (72.42399999999999, 71.83035185185186, 72.27500000000003, 71.55052777777779)}, 340.0: {5.0: (71.69800000000004, 71.12640740740737, 71.558, 70.84706327160492)}, 330.0: {5.0: (70.97299999999997, 70.42044444444446, 70.837, 70.15036111111111)}, 320.0: {5.0: (70.24900000000001, 69.71446296296297, 70.11699999999998, 69.45372222222224)}, 310.0: {5.0: (69.52500000000003, 69.0085, 69.39599999999997, 68.75624999999998)}, 300.0: {5.0: (68.769, 68.32471296296295, 68.62616666666666, 68.06145524691358)}}
temperature_dict[370.0][5.0] = (73.88100000000003, 73.23364814814815, 73.711, 72.94522222222226)
temperature_dict[370.0][5.6] = (74.13000000000004, 73.48852777777776, 73.95800000000003, 73.20344444444447)
temperature_dict[370.0][6.8024] = (74.61699999999998, 74.01603703703702, 74.45699999999995, 73.72086111111106)
temperature_dict[360.0][5.0] = (73.15599999999996, 72.52798148148149, 72.991, 72.24774999999998)
temperature_dict[360.0][5.6] = (73.394, 72.7990185185185, 73.24299999999995, 72.50636111111109)

temperature_dict[350.0][5.0] = (72.42399999999999, 71.83035185185186, 72.27500000000003, 71.55052777777779)
temperature_dict[350.0][5.6] = (72.673, 72.0845925925926, 72.52199999999999, 71.8090277777778)
temperature_dict[350.0][6.8024] = (73.17000000000003, 72.59774999999999, 73.019, 72.32055555555557)
temperature_dict[340.0][5.0] = (71.69800000000004, 71.12640740740737, 71.558, 70.84706327160492)
temperature_dict[340.0][5.6] = (71.94700000000005, 71.38141666666667, 71.80400000000003, 71.10549999999996)
temperature_dict[340.0][6.8024] = (72.44499999999995, 71.89175000000003, 72.298, 71.62377777777782)
temperature_dict[330.0][5.0] = (70.97299999999997, 70.42044444444446, 70.837, 70.15036111111111)
temperature_dict[330.0][5.6] = (71.222, 70.67496296296297, 71.08400000000005, 70.40872222222221)
temperature_dict[330.0][6.8024] = (71.721, 71.18580555555556, 71.57799999999999, 70.92713888888888)
temperature_dict[320.0][5.0] = (70.24900000000001, 69.71446296296297, 70.11699999999998, 69.45372222222224)
temperature_dict[320.0][5.6] = (70.49800000000003, 69.96942592592592, 70.36300000000004, 69.71194444444447)
temperature_dict[320.0][6.8024] = (71.00099999999999, 70.48623148148148, 70.85899999999998, 70.22969444444445)
temperature_dict[310.0][5.0] = (69.52500000000003, 69.00884259259259, 69.39599999999997, 68.75624999999998)
temperature_dict[310.0][5.6] = (69.778, 69.26947222222222, 69.644, 69.01530555555554)
temperature_dict[310.0][6.8024] = (70.27700000000003, 69.77374074074073, 70.13799999999998, 69.53291666666665)
temperature_dict[300.0][5.0] = (68.769, 68.32471296296295, 68.62616666666666, 68.06145524691358)
temperature_dict[300.0][5.6] = (69.01800000000001, 68.57800308641976, 68.87633333333333, 68.31923302469134)
temperature_dict[300.0][6.8024] = (69.51600000000002, 69.08663580246915, 69.37400000000001, 68.8362206790124)
temperature_dict[290.0][5.0] = (68.04400000000004, 67.61729938271603, 67.90874999999998, 67.36449382716047)
temperature_dict[290.0][5.6] = (68.29300000000005, 67.87107716049384, 68.15900000000005, 67.62225462962962)
temperature_dict[290.0][6.8024] = (68.83400000000005, 68.37512962962963, 68.70566666666663, 68.12583333333335)
temperature_dict[280.0][5.0] = (67.31199999999995, 66.90914814814816, 67.18399999999998, 66.65580401234567)
temperature_dict[280.0][5.6] = (67.56099999999998, 67.16292592592593, 67.432, 66.91358179012344)
temperature_dict[280.0][6.8024] = (68.06099999999998, 67.67103703703704, 67.92966666666669, 67.43081790123455)
temperature_dict[270.0][5.0] = (66.587, 66.20179629629631, 66.46599999999995, 65.95950000000002)


temperature_dict[260.0][5.0] = (65.904, 65.50101851851849, 65.74700000000001, 65.26265432098765)
temperature_dict[260.0][5.6] = (66.1535, 65.75467901234568, 65.99700000000003, 65.52097993827158)
temperature_dict[260.0][6.8024] = (66.653, 66.26277160493827, 66.4986666666667, 66.03764506172837)
temperature_dict[250.0][5.0] = (65.18000000000004, 64.7940925925926, 65.02866666666667, 64.56643518518518)
temperature_dict[250.0][5.6] = (65.4295, 65.04729012345682, 65.279, 64.82412808641975)
temperature_dict[250.0][6.8024] = (65.92900000000002, 65.55569444444443, 65.78133333333334, 65.34129320987655)
temperature_dict[240.0][5.0] = (64.456, 64.08641975308643, 64.31133333333332, 63.86931790123458)
temperature_dict[240.0][5.6] = (64.70550000000001, 64.34018209876542, 64.56166666666665, 64.12714351851854)
temperature_dict[240.0][6.8024] = (65.20449999999998, 64.84819135802469, 65.06400000000001, 64.64444135802472)
temperature_dict[230.0][5.0] = (63.731999999999985, 63.37959259259259, 63.593333333333305, 63.173013888888875)
temperature_dict[230.0][5.6] = (63.980999999999995, 63.63278395061729, 63.84366666666666, 63.430839506172845)
temperature_dict[230.0][6.8024] = (64.45699999999995, 64.14841666666668, 64.34200000000004, 63.923493827160485)
temperature_dict[220.0][5.0] = (63.026500000000006, 62.683500000000016, 62.87283333333335, 62.45440586419753)
temperature_dict[220.0][5.6] = (63.27599999999999, 62.939333333333344, 63.121666666666684, 62.71226851851849)
temperature_dict[220.0][6.8024] = (63.77599999999999, 63.452249999999985, 63.61966666666663, 63.22961419753084)
temperature_dict[210.0][5.0] = (62.301500000000004, 61.976499999999994, 62.15466666666666, 61.759067901234545)
temperature_dict[210.0][5.6] = (62.53999999999998, 62.23545679012346, 62.39899999999995, 62.004570987654326)
temperature_dict[210.0][6.8024] = (63.040999999999954, 62.74873456790123, 62.89749999999999, 62.5219089506173)
temperature_dict[200.0][5.0] = (61.54999999999997, 61.26955555555554, 61.44033333333332, 61.04221604938274)
temperature_dict[200.0][5.6] = (61.79400000000003, 61.525901234567904, 61.68900000000002, 61.300222222222246)
temperature_dict[200.0][6.8024] = (62.27500000000003, 62.03905555555554, 62.18499999999996, 61.81822993827159)
temperature_dict[190.0][5.0] = (60.843000000000025, 60.57262345679011, 60.711999999999996, 60.35015277777779)
temperature_dict[190.0][5.6] = (61.092000000000034, 60.82855555555554, 60.961000000000006, 60.608695987654336)
temperature_dict[190.0][6.8024] = (61.593000000000025, 61.341901234567885, 61.459000000000046, 61.126598765432085)
temperature_dict[180.0][5.0] = (60.135, 59.82337037037038, 60.01999999999999, 59.618941255144044)
temperature_dict[180.0][5.6] = (60.385, 60.07799999999999, 60.269000000000005, 59.87741697530865)
temperature_dict[180.0][6.8024] = (60.88400000000001, 60.58761111111111, 60.765500000000024, 60.39686111111111)
temperature_dict[170.0][5.0] = (59.41200000000002, 59.13475925925927, 59.279, 58.88069609053499)
temperature_dict[170.0][5.6] = (59.66200000000002, 59.38938888888889, 59.52700000000003, 59.1397920781893)
temperature_dict[170.0][6.8024] = (60.165999999999954, 59.9018364197531, 60.002999999999986, 59.65854331275719)
temperature_dict[160.0][5.0] = (58.683, 58.44590740740742, 58.55033333333332, 58.1728487654321)
temperature_dict[160.0][5.6] = (58.933, 58.701203703703705, 58.79716666666665, 58.43179228395061)
temperature_dict[160.0][6.8024] = (59.433, 59.21168518518519, 59.2921666666667, 58.95070308641974)
temperature_dict[150.0][5.0] = (57.95800000000002, 57.73851851851852, 57.832333333333345, 57.48441018518519)
temperature_dict[150.0][5.6] = (58.20800000000002, 57.99337037037035, 58.079166666666644, 57.74370606995885)
temperature_dict[150.0][6.8024] = (58.70800000000002, 58.50422222222222, 58.57333333333335, 58.26259279835391)
temperature_dict[140.0][5.0] = (57.22900000000003, 57.0335, 57.10799999999999, 56.79020874485599)
temperature_dict[140.0][5.6] = (57.47900000000003, 57.28820370370371, 57.355000000000004, 57.04903199588478)
temperature_dict[140.0][6.8024] = (57.97900000000003, 57.80099999999999, 57.84900000000002, 57.56804413580248)
temperature_dict[130.0][5.0] = (56.50199999999998, 56.37733333333337, 56.318999999999974, 56.01412644032923)
temperature_dict[130.0][5.6] = (56.7545, 56.638999999999974, 56.56799999999999, 56.272595267489706)
temperature_dict[130.0][6.8024] = (57.296000000000014, 57.14251851851854, 57.12300000000003, 56.82630740740741)
temperature_dict[120.0][5.0] = (55.795499999999976, 55.670000000000016, 55.606, 55.33096327160495)
temperature_dict[120.0][5.6] = (56.04749999999999, 55.931000000000026, 55.856, 55.589086111111115)
temperature_dict[120.0][6.8024] = (56.541, 56.45483333333336, 56.365, 56.107839197530865)
temperature_dict[110.0][5.0] = (55.077, 54.99900000000002, 54.89300000000002, 54.615207818930045)
temperature_dict[110.0][5.6] = (55.327, 55.26183333333334, 55.14200000000004, 54.87342973251029)
temperature_dict[110.0][6.8024] = (55.76800000000002, 55.81099999999998, 55.61599999999999, 55.36537736625516)
temperature_dict[100.0][5.0] = (54.28199999999998, 54.309999999999974, 54.13400000000001, 53.90395051440328)
temperature_dict[100.0][5.6] = (54.53400000000003, 54.57400000000001, 54.388999999999974, 54.16279485596707)
temperature_dict[100.0][6.8024] = (55.038999999999994, 55.10300000000001, 54.89899999999997, 54.68150781893004)
temperature_dict[90.0][5.0] = (53.6265, 53.599, 53.438000000000024, 53.23101172839505)
temperature_dict[90.0][5.6] = (53.87850000000002, 53.86400000000002, 53.691000000000024, 53.48987530864197)
temperature_dict[90.0][6.8024] = (54.38349999999998, 54.39300000000002, 54.201000000000015, 54.00801954732511)
temperature_dict[80.0][5.0] = (52.817499999999974, 52.88599999999998, 52.7080685185185, 52.52141697530864)
temperature_dict[80.0][5.6] = (53.068666666666665, 53.15200000000003, 52.96142839506173, 52.78098374485597)
temperature_dict[80.0][6.8024] = (53.574000000000005, 53.683999999999976, 53.46940740740741, 53.30116028806584)
temperature_dict[70.0][5.0] = (52.12966666666667, 52.175999999999995, 52.005222222222216, 51.84768045267491)
temperature_dict[70.0][5.6] = (52.38216666666667, 52.442, 52.25955555555556, 52.107316152263394)
temperature_dict[70.0][6.8024] = (52.92049999999999, 52.96800000000001, 52.75862962962964, 52.610524794238685)
temperature_dict[60.0][5.0] = (51.5915, 51.453999999999965, 51.28299999999998, 51.144815740740746)
temperature_dict[60.0][5.6] = (51.9255, 51.72083333333334, 51.54099999999997, 51.404601954732506)
temperature_dict[60.0][6.8024] = (52.422999999999995, 52.25236913580245, 52.05299999999997, 51.92593364197531)
temperature_dict[50.0][5.0] = (50.8705, 50.74033333333333, 50.57300000000001, 50.467862654321)
temperature_dict[50.0][5.6] = (51.1175, 51.00633333333332, 50.82999999999999, 50.728461934156364)
temperature_dict[50.0][6.8024] = (51.612000000000016, 51.53733333333334, 51.34200000000002, 51.24927160493827)
temperature_dict[40.0][5.0] = (50.0055, 50.02183333333336, 49.88166666666667, 49.78961111111112)
temperature_dict[40.0][5.6] = (50.25749999999999, 50.28783333333332, 50.137999999999984, 50.050841049382726)
temperature_dict[40.0][6.8024] = (50.75399999999999, 50.814833333333326, 50.635, 50.56404938271604)
temperature_dict[30.0][5.0] = (49.367, 49.28983333333331, 49.149609259259265, 49.086481481481464)
temperature_dict[30.0][5.6] = (49.61750000000001, 49.55650000000002, 49.40720925925926, 49.34826543209877)
temperature_dict[30.0][6.8024] = (50.02800000000001, 50.06735185185185, 49.90396296296296, 49.84071075837742)
temperature_dict[20.0][5.0] = (48.567, 48.538999999999994, 48.41483827160495, 48.37916666666664)
temperature_dict[20.0][5.6] = (48.82500000000002, 48.805, 48.674298765432106, 48.641333333333314)
temperature_dict[20.0][6.8024] = (49.33799999999998, 49.32999999999999, 49.1905061728395, 49.16233333333334)

# 3D waferscale : TIM 1 W / mK : 1GPU + 6HBM : 7x7 GPU : HTC 10 kW / (m^2 * K) : single HTC
temperature_dict[370.0][5.0] = (100.73550000000004, 100.38449999999996, 100.49166666666662, 99.82283333333332)
temperature_dict[370.0][5.6] = (101.23349999999999, 100.88550000000002, 100.98549999999996, 100.31700000000001)
temperature_dict[370.0][6.8024] = (102.23149999999994, 101.88983333333336, 101.97350000000004, 101.30699999999997)
temperature_dict[360.0][5.0] = (99.34083333333338, 98.9998333333333, 99.1035, 98.45216666666664)
temperature_dict[360.0][5.6] = (99.83950000000002, 99.50166666666668, 99.59649999999998, 98.94633333333334)
temperature_dict[360.0][6.8024] = (100.83766666666662, 100.50600000000003, 100.58533333333331, 99.93633333333335)
temperature_dict[350.0][5.0] = (97.94683333333339, 97.616, 97.71450000000003, 97.08150000000003)
temperature_dict[350.0][5.6] = (98.44483333333329, 98.1171666666667, 98.20833333333327, 97.57566666666663)
temperature_dict[350.0][6.8024] = (99.44366666666664, 99.12216666666662, 99.19633333333334, 98.56583333333337)
temperature_dict[340.0][5.0] = (96.55283333333335, 96.23216666666667, 96.32633333333332, 95.7118333333333)
temperature_dict[340.0][5.6] = (97.05083333333332, 96.73333333333329, 96.81933333333338, 96.20499999999998)
temperature_dict[340.0][6.8024] = (98.04883333333329, 97.73749999999994, 97.8083333333333, 97.19516666666662)
temperature_dict[330.0][5.0] = (95.15883333333329, 94.84833333333334, 94.93733333333333, 94.3411666666667)
temperature_dict[330.0][5.6] = (95.65683333333334, 95.34949999999996, 95.43033333333337, 94.83516666666671)
temperature_dict[330.0][6.8024] = (96.65483333333333, 96.35366666666661, 96.4193333333334, 95.82533333333335)
temperature_dict[320.0][5.0] = (93.76366666666664, 93.46366666666667, 93.54833333333335, 92.97050000000003)
temperature_dict[320.0][5.6] = (94.26233333333333, 93.96566666666666, 94.04216666666667, 93.46449999999996)
temperature_dict[320.0][6.8024] = (95.26100000000002, 94.96983333333336, 95.03033333333333, 94.45466666666665)
temperature_dict[310.0][5.0] = (92.37016666666668, 92.07983333333335, 92.16016666666673, 91.59983333333336)
temperature_dict[310.0][5.6] = (92.86750000000002, 92.581, 92.65316666666668, 92.094)
temperature_dict[310.0][6.8024] = (93.8695, 93.58516666666664, 93.64216666666671, 93.08399999999999)
temperature_dict[300.0][5.0] = (90.97616666666666, 90.69600000000003, 90.77116666666667, 90.23000000000002)
temperature_dict[300.0][5.6] = (91.47433333333332, 91.19716666666666, 91.26416666666663, 90.72416666666669)
temperature_dict[300.0][6.8024] = (92.47233333333334, 92.20133333333332, 92.25316666666664, 91.7135)
temperature_dict[290.0][5.0] = (89.58150000000003, 89.31133333333335, 89.38216666666668, 88.8595)
temperature_dict[290.0][5.6] = (90.08033333333334, 89.81333333333332, 89.87616666666666, 89.35349999999998)
temperature_dict[290.0][6.8024] = (91.07833333333332, 90.81750000000002, 90.86200000000002, 90.34066666666668)
temperature_dict[280.0][5.0] = (88.18766666666669, 87.92849999999999, 87.99116666666666, 87.48583333333333)
temperature_dict[280.0][5.6] = (88.68566666666668, 88.42949999999995, 88.48499999999996, 87.97983333333335)
temperature_dict[280.0][6.8024] = (89.68433333333336, 89.43366666666667, 89.47316666666669, 88.97000000000001)
temperature_dict[270.0][5.0] = (86.79366666666667, 86.54383333333332, 86.60300000000001, 86.11599999999999)
temperature_dict[270.0][5.6] = (87.2916666666667, 87.04566666666666, 87.09599999999999, 86.60916666666664)
temperature_dict[270.0][6.8024] = (88.29050000000004, 88.05000000000001, 88.08216666666664, 87.59633333333335)
temperature_dict[260.0][5.0] = (85.39983333333336, 85.16083333333333, 85.21199999999999, 84.74233333333333)
temperature_dict[260.0][5.6] = (85.89766666666664, 85.66199999999999, 85.705, 85.23650000000004)
temperature_dict[260.0][6.8024] = (86.896, 86.6661666666667, 86.69400000000003, 86.22649999999996)
temperature_dict[250.0][5.0] = (84.00516666666668, 83.77616666666665, 83.82300000000006, 83.37183333333334)
temperature_dict[250.0][5.6] = (84.50383333333332, 84.27816666666665, 84.317, 83.86583333333337)
temperature_dict[250.0][6.8024] = (85.50200000000002, 85.28233333333334, 85.30500000000004, 84.85600000000005)
temperature_dict[240.0][5.0] = (82.61116666666666, 82.39233333333333, 82.435, 82.00200000000001)
temperature_dict[240.0][5.6] = (83.10916666666665, 82.89350000000003, 82.92799999999998, 82.496)
temperature_dict[240.0][6.8024] = (84.10816666666663, 83.89966666666669, 83.90916666666662, 83.47716666666666)
temperature_dict[230.0][5.0] = (81.21733333333334, 81.00950000000002, 81.03916666666666, 80.62333333333333)
temperature_dict[230.0][5.6] = (81.71533333333329, 81.51066666666667, 81.53216666666664, 81.11733333333333)
temperature_dict[230.0][6.8024] = (82.71416666666666, 82.51500000000003, 82.521, 82.1066666666667)
temperature_dict[220.0][5.0] = (79.82266666666668, 79.62483333333336, 79.65100000000004, 79.2528333333333)
temperature_dict[220.0][5.6] = (80.32149999999999, 80.126, 80.14400000000002, 79.74683333333333)
temperature_dict[220.0][6.8024] = (81.32033333333335, 81.13116666666666, 81.13300000000002, 80.73699999999995)
temperature_dict[210.0][5.0] = (78.42349999999999, 78.2393333333333, 78.26316666666663, 77.88300000000001)
temperature_dict[210.0][5.6] = (78.9275, 78.74216666666669, 78.75600000000004, 78.37716666666664)
temperature_dict[210.0][6.8024] = (79.92633333333333, 79.74733333333333, 79.743, 79.36516666666667)
temperature_dict[200.0][5.0] = (77.03500000000003, 76.85733333333332, 76.87216666666671, 76.51133333333335)
temperature_dict[200.0][5.6] = (77.53283333333336, 77.3585, 77.366, 77.0053333333333)
temperature_dict[200.0][6.8024] = (78.53183333333338, 78.36350000000002, 78.35400000000001, 77.99549999999999)
temperature_dict[190.0][5.0] = (75.64099999999998, 75.4735, 75.48399999999997, 75.1416666666667)
temperature_dict[190.0][5.6] = (76.13900000000004, 75.97466666666669, 75.97783333333338, 75.63566666666668)
temperature_dict[190.0][6.8024] = (77.13783333333333, 76.97983333333333, 76.962, 76.61999999999998)
temperature_dict[180.0][5.0] = (74.24633333333333, 74.0896666666667, 74.09199999999994, 73.76683333333332)
temperature_dict[180.0][5.6] = (74.74516666666669, 74.59083333333332, 74.58600000000001, 74.261)
temperature_dict[180.0][6.8024] = (75.74383333333334, 75.59599999999998, 75.57199999999996, 75.24816666666663)
temperature_dict[170.0][5.0] = (72.84949999999998, 72.70516666666664, 72.70200000000001, 72.39433333333332)
temperature_dict[170.0][5.6] = (73.34766666666664, 73.20616666666666, 73.19599999999996, 72.8883333333333)
temperature_dict[170.0][6.8024] = (74.3465, 74.21133333333329, 74.18499999999997, 73.87850000000002)
temperature_dict[160.0][5.0] = (71.45566666666667, 71.32133333333334, 71.31483333333337, 71.02549999999998)
temperature_dict[160.0][5.6] = (71.95366666666666, 71.82250000000005, 71.80783333333335, 71.51966666666665)
temperature_dict[160.0][6.8024] = (72.95549999999997, 72.8275, 72.79500000000004, 72.50683333333329)
temperature_dict[150.0][5.0] = (70.06183333333331, 69.93749999999999, 69.92483333333332, 69.65383333333335)
temperature_dict[150.0][5.6] = (70.55999999999999, 70.43866666666666, 70.41883333333338, 70.14800000000004)
temperature_dict[150.0][6.8024] = (71.55866666666667, 71.44366666666669, 71.40766666666663, 71.13816666666668)
temperature_dict[140.0][5.0] = (68.668, 68.55366666666667, 68.53766666666668, 68.28433333333335)
temperature_dict[140.0][5.6] = (69.16600000000001, 69.05483333333335, 69.03083333333332, 68.77833333333332)
temperature_dict[140.0][6.8024] = (70.1668333333333, 70.05900000000003, 70.01283333333329, 69.7605)
temperature_dict[130.0][5.0] = (67.27466666666665, 67.169, 67.14383333333335, 66.90766666666671)
temperature_dict[130.0][5.6] = (67.77283333333332, 67.67099999999998, 67.63783333333329, 67.40250000000002)
temperature_dict[130.0][6.8024] = (68.77183333333338, 68.67516666666664, 68.62466666666667, 68.38966666666668)
temperature_dict[120.0][5.0] = (65.88083333333334, 65.785, 65.7548333333333, 65.53683333333335)
temperature_dict[120.0][5.6] = (66.37866666666666, 66.2841666666667, 66.24199999999999, 66.02200000000003)
temperature_dict[120.0][6.8024] = (67.37783333333334, 67.29033333333335, 67.23100000000001, 67.01300000000002)
temperature_dict[110.0][5.0] = (64.48616666666668, 64.39933333333332, 64.36183333333338, 64.16099999999999)
temperature_dict[110.0][5.6] = (64.9846666666667, 64.90033333333332, 64.85300000000004, 64.65216666666667)
temperature_dict[110.0][6.8024] = (65.98349999999999, 65.90449999999997, 65.83716666666668, 65.6355)
temperature_dict[100.0][5.0] = (63.09133333333331, 63.01483333333334, 62.969000000000015, 62.78450000000004)
temperature_dict[100.0][5.6] = (63.59016666666667, 63.51550000000003, 63.46283333333332, 63.27849999999999)
temperature_dict[100.0][6.8024] = (64.58966666666666, 64.51900000000002, 64.44616666666663, 64.26266666666669)
temperature_dict[90.0][5.0] = (61.70183333333334, 61.637, 61.57933333333332, 61.41083333333335)
temperature_dict[90.0][5.6] = (62.20083333333336, 62.13616666666668, 62.07333333333339, 61.90483333333332)
temperature_dict[90.0][6.8024] = (63.19966666666665, 63.13633333333331, 63.063166666666625, 62.89600000000002)
temperature_dict[80.0][5.0] = (60.314833333333326, 60.260000000000005, 60.19250000000002, 60.038000000000025)
temperature_dict[80.0][5.6] = (60.80549999999998, 60.759499999999974, 60.677333333333316, 60.5251666666667)
temperature_dict[80.0][6.8024] = (61.80549999999998, 61.75866666666668, 61.666333333333306, 61.51616666666669)
temperature_dict[70.0][5.0] = (58.921499999999966, 58.88049999999999, 58.796000000000035, 58.659166666666636)
temperature_dict[70.0][5.6] = (59.417666666666626, 59.379666666666644, 59.290000000000006, 59.15349999999998)
temperature_dict[70.0][6.8024] = (60.409666666666666, 60.376833333333344, 60.27750000000002, 60.14466666666667)
temperature_dict[60.0][5.0] = (57.5723333333333, 57.632000000000005, 57.26516666666666, 56.98750925925927)
temperature_dict[60.0][5.6] = (58.07383333333331, 58.14100000000002, 57.74966666666664, 57.46696450617284)
temperature_dict[60.0][6.8024] = (59.01783333333332, 58.997000000000014, 58.889666666666656, 58.771000000000015)
temperature_dict[50.0][5.0] = (56.173333333333325, 56.23499999999998, 55.88750000000002, 55.63981018518519)
temperature_dict[50.0][5.6] = (56.67583333333333, 56.741999999999976, 56.37016666666667, 56.11899382716051)

temperature_dict[40.0][5.0] = (54.770500000000006, 54.83799999999998, 54.510000000000026, 54.293925925925926)
temperature_dict[40.0][5.6] = (55.27666666666664, 55.34300000000002, 54.99350000000001, 54.77195987654322)
temperature_dict[40.0][6.8024] = (56.28216666666664, 56.365, 55.96699999999999, 55.73690740740741)
temperature_dict[30.0][5.0] = (53.37166666666666, 53.44599999999999, 53.14109259259258, 52.953012345679014)
temperature_dict[30.0][5.6] = (53.87466666666666, 53.95599999999998, 53.626000000000026, 53.434574074074085)
temperature_dict[30.0][6.8024] = (54.878166666666644, 54.96900000000004, 54.58750000000001, 54.3884012345679)
temperature_dict[20.0][5.0] = (51.973166666666664, 52.041999999999994, 51.77022222222222, 51.60367438271604)
temperature_dict[20.0][5.6] = (52.47716666666664, 52.54999999999997, 52.24453703703703, 52.07948302469136)
temperature_dict[20.0][6.8024] = (53.47950000000002, 53.567, 53.20668518518516, 53.04619598765433)
